<?xml version="1.0" encoding="UTF-8"?>
<!-- Generated by org.testng.reporters.JUnitReportReporter -->
<testsuite hostname="THRINATH" failures="0" tests="1" name="ExtentReports.DemoWebShopAssignment" time="11.550" errors="0" timestamp="2024-11-08T11:12:27 IST" skipped="0">
  <testcase classname="ExtentReports.DemoWebShopAssignment" name="addScreenshot" time="11.550"/>
  <system-out/>
</testsuite> <!-- ExtentReports.DemoWebShopAssignment -->
