<?xml version="1.0" encoding="UTF-8"?>
<!-- Generated by org.testng.reporters.JUnitReportReporter -->
<testsuite hostname="THRINATH" failures="0" tests="1" name="ExtentReports.ToLearnExtentReports" time="0.414" errors="0" timestamp="2024-11-07T13:12:20 IST" skipped="0">
  <testcase classname="ExtentReports.ToLearnExtentReports" name="report" time="0.414"/>
  <system-out/>
</testsuite> <!-- ExtentReports.ToLearnExtentReports -->
